<?xml version="1.0" encoding="UTF-8"?>
<!-- Generated by org.testng.reporters.JUnitReportReporter -->
<testsuite hostname="yzl-PC" name="com.test.testcase.NewTest" tests="1" failures="0" timestamp="19 Jun 2017 02:43:08 GMT" time="0.012" errors="0">
  <testcase name="f" time="0.012" classname="com.test.testcase.NewTest"/>
</testsuite> <!-- com.test.testcase.NewTest -->
