<?xml version="1.0" encoding="UTF-8"?>
<!-- Generated by org.testng.reporters.JUnitReportReporter -->
<testsuite hostname="yzl-PC" name="com.test.testcase.MyTest" tests="1" failures="0" timestamp="13 Jul 2017 03:11:30 GMT" time="0.592" errors="0">
  <testcase name="search004" time="0.592" classname="com.test.testcase.MyTest"/>
</testsuite> <!-- com.test.testcase.MyTest -->
