<?xml version="1.0" encoding="UTF-8"?>
<!-- Generated by org.testng.reporters.JUnitReportReporter -->
<testsuite hostname="yzl-PC" name="com.test.testcase.MyTestCase" tests="1" failures="0" timestamp="19 Jun 2017 03:07:05 GMT" time="0.010" errors="0">
  <testcase name="function" time="0.010" classname="com.test.testcase.MyTestCase"/>
</testsuite> <!-- com.test.testcase.MyTestCase -->
